<?xml version="1.0" encoding="UTF-8"?><testsuite errors="1" failures="0" name="Automation Practice" skipped="0" tests="1" time="59.87" timestamp="2021-10-02 01:01:57"><testcase name="Crear User"><error message="Could not instantiate class org.openqa.selenium.firefox.FirefoxDriver" type="net.thucydides.core.webdriver.UnsupportedDriverException">Could not instantiate class org.openqa.selenium.firefox.FirefoxDriver</error><system-err>Could not instantiate class org.openqa.selenium.firefox.FirefoxDriver&#13;
co.com.choucair.certification.qa.task.OpenThePage.performAs(OpenThePage.java:19)&#13;
co.com.choucair.certification.qa.stepdefinitions.AutomationPracticeStepdefinitions.userIngresaALaPaginaWeb(AutomationPracticeStepdefinitions.java:22)&#13;
cucumber.runner.Runner.runPickle(Runner.java:80)&#13;
</system-err></testcase></testsuite>